# JRE version: OpenJDK Runtime Environment Temurin-17.0.10+7 (17.0.10+7) (build 17.0.10+7)
# Java VM: OpenJDK 64-Bit Server VM Temurin-17.0.10+7 (17.0.10+7, mixed mode, tiered, compressed oops, compressed class ptrs, parallel gc, windows-amd64)
GC Precious Log:
 CPUs: 4 total, 4 available
 Memory: 6052M
 Large Page Support: Disabled
 NUMA Support: Disabled
 Compressed Oops: Enabled (32-bit)
 Alignments: Space 512K, Generation 512K, Heap 2M
 Heap Min Capacity: 100M
 Heap Initial Capacity: 100M
 Heap Max Capacity: 1G
 Pre-touch: Disabled
 Parallel Workers: 4
Heap:
 PSYoungGen      total 10240K, used 1534K [0x00000000eab00000, 0x00000000ec580000, 0x0000000100000000)
  eden space 8704K, 0% used [0x00000000eab00000,0x00000000eab00000,0x00000000eb380000)
  from space 1536K, 99% used [0x00000000eba00000,0x00000000ebb7fa08,0x00000000ebb80000)
  to   space 6656K, 0% used [0x00000000eb380000,0x00000000eb380000,0x00000000eba00000)
 ParOldGen       total 68608K, used 66445K [0x00000000c0000000, 0x00000000c4300000, 0x00000000eab00000)
  object space 68608K, 96% used [0x00000000c0000000,0x00000000c40e3768,0x00000000c4300000)
 Metaspace       used 69972K, committed 71360K, reserved 1114112K
  class space    used 7384K, committed 7936K, reserved 1048576K
GC Heap History (20 events):
Event: 50.747 GC heap after
{Heap after GC invocations=46 (full 3):
 PSYoungGen      total 15872K, used 1281K [0x00000000eab00000, 0x00000000ebe00000, 0x0000000100000000)
  eden space 14336K, 0% used [0x00000000eab00000,0x00000000eab00000,0x00000000eb900000)
  from space 1536K, 83% used [0x00000000eb900000,0x00000000eba40768,0x00000000eba80000)
  to   space 2560K, 0% used [0x00000000ebb80000,0x00000000ebb80000,0x00000000ebe00000)
 ParOldGen       total 68608K, used 52411K [0x00000000c0000000, 0x00000000c4300000, 0x00000000eab00000)
  object space 68608K, 76% used [0x00000000c0000000,0x00000000c332ed00,0x00000000c4300000)
 Metaspace       used 64538K, committed 65728K, reserved 1114112K
  class space    used 6864K, committed 7424K, reserved 1048576K
}
Event: 52.770 GC heap before
{Heap before GC invocations=47 (full 3):
 PSYoungGen      total 15872K, used 15617K [0x00000000eab00000, 0x00000000ebe00000, 0x0000000100000000)
  eden space 14336K, 100% used [0x00000000eab00000,0x00000000eb900000,0x00000000eb900000)
  from space 1536K, 83% used [0x00000000eb900000,0x00000000eba40768,0x00000000eba80000)
  to   space 2560K, 0% used [0x00000000ebb80000,0x00000000ebb80000,0x00000000ebe00000)
 ParOldGen       total 68608K, used 52411K [0x00000000c0000000, 0x00000000c4300000, 0x00000000eab00000)
  object space 68608K, 76% used [0x00000000c0000000,0x00000000c332ed00,0x00000000c4300000)
 Metaspace       used 64653K, committed 65920K, reserved 1114112K
  class space    used 6866K, committed 7424K, reserved 1048576K
}
Event: 52.774 GC heap after
{Heap after GC invocations=47 (full 3):
 PSYoungGen      total 15872K, used 1344K [0x00000000eab00000, 0x00000000ebd00000, 0x0000000100000000)
  eden space 14336K, 0% used [0x00000000eab00000,0x00000000eab00000,0x00000000eb900000)
  from space 1536K, 87% used [0x00000000ebb80000,0x00000000ebcd0020,0x00000000ebd00000)
  to   space 1536K, 0% used [0x00000000eb900000,0x00000000eb900000,0x00000000eba80000)
 ParOldGen       total 68608K, used 53393K [0x00000000c0000000, 0x00000000c4300000, 0x00000000eab00000)
  object space 68608K, 77% used [0x00000000c0000000,0x00000000c3424660,0x00000000c4300000)
 Metaspace       used 64653K, committed 65920K, reserved 1114112K
  class space    used 6866K, committed 7424K, reserved 1048576K
}
Event: 53.981 GC heap before
{Heap before GC invocations=48 (full 3):
 PSYoungGen      total 15872K, used 15680K [0x00000000eab00000, 0x00000000ebd00000, 0x0000000100000000)
  eden space 14336K, 100% used [0x00000000eab00000,0x00000000eb900000,0x00000000eb900000)
  from space 1536K, 87% used [0x00000000ebb80000,0x00000000ebcd0020,0x00000000ebd00000)
  to   space 1536K, 0% used [0x00000000eb900000,0x00000000eb900000,0x00000000eba80000)
 ParOldGen       total 68608K, used 53393K [0x00000000c0000000, 0x00000000c4300000, 0x00000000eab00000)
  object space 68608K, 77% used [0x00000000c0000000,0x00000000c3424660,0x00000000c4300000)
 Metaspace       used 64771K, committed 66048K, reserved 1114112K
  class space    used 6869K, committed 7424K, reserved 1048576K
}
Event: 53.984 GC heap after
{Heap after GC invocations=48 (full 3):
 PSYoungGen      total 15872K, used 1120K [0x00000000eab00000, 0x00000000ebc00000, 0x0000000100000000)
  eden space 14336K, 0% used [0x00000000eab00000,0x00000000eab00000,0x00000000eb900000)
  from space 1536K, 72% used [0x00000000eb900000,0x00000000eba18000,0x00000000eba80000)
  to   space 1536K, 0% used [0x00000000eba80000,0x00000000eba80000,0x00000000ebc00000)
 ParOldGen       total 68608K, used 54450K [0x00000000c0000000, 0x00000000c4300000, 0x00000000eab00000)
  object space 68608K, 79% used [0x00000000c0000000,0x00000000c352ca88,0x00000000c4300000)
 Metaspace       used 64771K, committed 66048K, reserved 1114112K
  class space    used 6869K, committed 7424K, reserved 1048576K
}
Event: 54.584 GC heap before
{Heap before GC invocations=49 (full 3):
 PSYoungGen      total 15872K, used 15456K [0x00000000eab00000, 0x00000000ebc00000, 0x0000000100000000)
  eden space 14336K, 100% used [0x00000000eab00000,0x00000000eb900000,0x00000000eb900000)
  from space 1536K, 72% used [0x00000000eb900000,0x00000000eba18000,0x00000000eba80000)
  to   space 1536K, 0% used [0x00000000eba80000,0x00000000eba80000,0x00000000ebc00000)
 ParOldGen       total 68608K, used 54450K [0x00000000c0000000, 0x00000000c4300000, 0x00000000eab00000)
  object space 68608K, 79% used [0x00000000c0000000,0x00000000c352ca88,0x00000000c4300000)
 Metaspace       used 65619K, committed 66880K, reserved 1114112K
  class space    used 6961K, committed 7488K, reserved 1048576K
}
Event: 54.589 GC heap after
{Heap after GC invocations=49 (full 3):
 PSYoungGen      total 15360K, used 1534K [0x00000000eab00000, 0x00000000ebd00000, 0x0000000100000000)
  eden space 13824K, 0% used [0x00000000eab00000,0x00000000eab00000,0x00000000eb880000)
  from space 1536K, 99% used [0x00000000eba80000,0x00000000ebbffac0,0x00000000ebc00000)
  to   space 2048K, 0% used [0x00000000eb880000,0x00000000eb880000,0x00000000eba80000)
 ParOldGen       total 68608K, used 55468K [0x00000000c0000000, 0x00000000c4300000, 0x00000000eab00000)
  object space 68608K, 80% used [0x00000000c0000000,0x00000000c362b1b0,0x00000000c4300000)
 Metaspace       used 65619K, committed 66880K, reserved 1114112K
  class space    used 6961K, committed 7488K, reserved 1048576K
}
Event: 55.668 GC heap before
{Heap before GC invocations=50 (full 3):
 PSYoungGen      total 15360K, used 15358K [0x00000000eab00000, 0x00000000ebd00000, 0x0000000100000000)
  eden space 13824K, 100% used [0x00000000eab00000,0x00000000eb880000,0x00000000eb880000)
  from space 1536K, 99% used [0x00000000eba80000,0x00000000ebbffac0,0x00000000ebc00000)
  to   space 2048K, 0% used [0x00000000eb880000,0x00000000eb880000,0x00000000eba80000)
 ParOldGen       total 68608K, used 55468K [0x00000000c0000000, 0x00000000c4300000, 0x00000000eab00000)
  object space 68608K, 80% used [0x00000000c0000000,0x00000000c362b1b0,0x00000000c4300000)
 Metaspace       used 66182K, committed 67392K, reserved 1114112K
  class space    used 7011K, committed 7552K, reserved 1048576K
}
Event: 55.673 GC heap after
{Heap after GC invocations=50 (full 3):
 PSYoungGen      total 15360K, used 1344K [0x00000000eab00000, 0x00000000ebb80000, 0x0000000100000000)
  eden space 13824K, 0% used [0x00000000eab00000,0x00000000eab00000,0x00000000eb880000)
  from space 1536K, 87% used [0x00000000eb880000,0x00000000eb9d0000,0x00000000eba00000)
  to   space 1536K, 0% used [0x00000000eba00000,0x00000000eba00000,0x00000000ebb80000)
 ParOldGen       total 68608K, used 56939K [0x00000000c0000000, 0x00000000c4300000, 0x00000000eab00000)
  object space 68608K, 82% used [0x00000000c0000000,0x00000000c379af50,0x00000000c4300000)
 Metaspace       used 66182K, committed 67392K, reserved 1114112K
  class space    used 7011K, committed 7552K, reserved 1048576K
}
Event: 55.948 GC heap before
{Heap before GC invocations=51 (full 3):
 PSYoungGen      total 15360K, used 15168K [0x00000000eab00000, 0x00000000ebb80000, 0x0000000100000000)
  eden space 13824K, 100% used [0x00000000eab00000,0x00000000eb880000,0x00000000eb880000)
  from space 1536K, 87% used [0x00000000eb880000,0x00000000eb9d0000,0x00000000eba00000)
  to   space 1536K, 0% used [0x00000000eba00000,0x00000000eba00000,0x00000000ebb80000)
 ParOldGen       total 68608K, used 56939K [0x00000000c0000000, 0x00000000c4300000, 0x00000000eab00000)
  object space 68608K, 82% used [0x00000000c0000000,0x00000000c379af50,0x00000000c4300000)
 Metaspace       used 66541K, committed 67776K, reserved 1114112K
  class space    used 7032K, committed 7552K, reserved 1048576K
}
Event: 55.953 GC heap after
{Heap after GC invocations=51 (full 3):
 PSYoungGen      total 15360K, used 1091K [0x00000000eab00000, 0x00000000ebb80000, 0x0000000100000000)
  eden space 13824K, 0% used [0x00000000eab00000,0x00000000eab00000,0x00000000eb880000)
  from space 1536K, 71% used [0x00000000eba00000,0x00000000ebb10e58,0x00000000ebb80000)
  to   space 1536K, 0% used [0x00000000eb880000,0x00000000eb880000,0x00000000eba00000)
 ParOldGen       total 68608K, used 58211K [0x00000000c0000000, 0x00000000c4300000, 0x00000000eab00000)
  object space 68608K, 84% used [0x00000000c0000000,0x00000000c38d8f50,0x00000000c4300000)
 Metaspace       used 66541K, committed 67776K, reserved 1114112K
  class space    used 7032K, committed 7552K, reserved 1048576K
}
Event: 58.127 GC heap before
{Heap before GC invocations=52 (full 3):
 PSYoungGen      total 15360K, used 14915K [0x00000000eab00000, 0x00000000ebb80000, 0x0000000100000000)
  eden space 13824K, 100% used [0x00000000eab00000,0x00000000eb880000,0x00000000eb880000)
  from space 1536K, 71% used [0x00000000eba00000,0x00000000ebb10e58,0x00000000ebb80000)
  to   space 1536K, 0% used [0x00000000eb880000,0x00000000eb880000,0x00000000eba00000)
 ParOldGen       total 68608K, used 58211K [0x00000000c0000000, 0x00000000c4300000, 0x00000000eab00000)
  object space 68608K, 84% used [0x00000000c0000000,0x00000000c38d8f50,0x00000000c4300000)
 Metaspace       used 67778K, committed 69056K, reserved 1114112K
  class space    used 7158K, committed 7680K, reserved 1048576K
}
Event: 58.139 GC heap after
{Heap after GC invocations=52 (full 3):
 PSYoungGen      total 15360K, used 1355K [0x00000000eab00000, 0x00000000ebb80000, 0x0000000100000000)
  eden space 13824K, 0% used [0x00000000eab00000,0x00000000eab00000,0x00000000eb880000)
  from space 1536K, 88% used [0x00000000eb880000,0x00000000eb9d2f10,0x00000000eba00000)
  to   space 1536K, 0% used [0x00000000eba00000,0x00000000eba00000,0x00000000ebb80000)
 ParOldGen       total 68608K, used 59189K [0x00000000c0000000, 0x00000000c4300000, 0x00000000eab00000)
  object space 68608K, 86% used [0x00000000c0000000,0x00000000c39cd778,0x00000000c4300000)
 Metaspace       used 67778K, committed 69056K, reserved 1114112K
  class space    used 7158K, committed 7680K, reserved 1048576K
}
Event: 59.642 GC heap before
{Heap before GC invocations=53 (full 3):
 PSYoungGen      total 15360K, used 14157K [0x00000000eab00000, 0x00000000ebb80000, 0x0000000100000000)
  eden space 13824K, 92% used [0x00000000eab00000,0x00000000eb780660,0x00000000eb880000)
  from space 1536K, 88% used [0x00000000eb880000,0x00000000eb9d2f10,0x00000000eba00000)
  to   space 1536K, 0% used [0x00000000eba00000,0x00000000eba00000,0x00000000ebb80000)
 ParOldGen       total 68608K, used 59189K [0x00000000c0000000, 0x00000000c4300000, 0x00000000eab00000)
  object space 68608K, 86% used [0x00000000c0000000,0x00000000c39cd778,0x00000000c4300000)
 Metaspace       used 68776K, committed 70080K, reserved 1114112K
  class space    used 7270K, committed 7808K, reserved 1048576K
}
Event: 59.644 GC heap after
{Heap after GC invocations=53 (full 3):
 PSYoungGen      total 15360K, used 1254K [0x00000000eab00000, 0x00000000ebb80000, 0x0000000100000000)
  eden space 13824K, 0% used [0x00000000eab00000,0x00000000eab00000,0x00000000eb880000)
  from space 1536K, 81% used [0x00000000eba00000,0x00000000ebb398c0,0x00000000ebb80000)
  to   space 1536K, 0% used [0x00000000eb880000,0x00000000eb880000,0x00000000eba00000)
 ParOldGen       total 68608K, used 59976K [0x00000000c0000000, 0x00000000c4300000, 0x00000000eab00000)
  object space 68608K, 87% used [0x00000000c0000000,0x00000000c3a923a8,0x00000000c4300000)
 Metaspace       used 68776K, committed 70080K, reserved 1114112K
  class space    used 7270K, committed 7808K, reserved 1048576K
}
Event: 60.021 GC heap before
{Heap before GC invocations=54 (full 3):
 PSYoungGen      total 15360K, used 15078K [0x00000000eab00000, 0x00000000ebb80000, 0x0000000100000000)
  eden space 13824K, 100% used [0x00000000eab00000,0x00000000eb880000,0x00000000eb880000)
  from space 1536K, 81% used [0x00000000eba00000,0x00000000ebb398c0,0x00000000ebb80000)
  to   space 1536K, 0% used [0x00000000eb880000,0x00000000eb880000,0x00000000eba00000)
 ParOldGen       total 68608K, used 59976K [0x00000000c0000000, 0x00000000c4300000, 0x00000000eab00000)
  object space 68608K, 87% used [0x00000000c0000000,0x00000000c3a923a8,0x00000000c4300000)
 Metaspace       used 69907K, committed 71296K, reserved 1114112K
  class space    used 7377K, committed 7936K, reserved 1048576K
}
Event: 60.025 GC heap after
{Heap after GC invocations=54 (full 3):
 PSYoungGen      total 15360K, used 1229K [0x00000000eab00000, 0x00000000ebb80000, 0x0000000100000000)
  eden space 13824K, 0% used [0x00000000eab00000,0x00000000eab00000,0x00000000eb880000)
  from space 1536K, 80% used [0x00000000eb880000,0x00000000eb9b36f0,0x00000000eba00000)
  to   space 1536K, 0% used [0x00000000eba00000,0x00000000eba00000,0x00000000ebb80000)
 ParOldGen       total 68608K, used 62334K [0x00000000c0000000, 0x00000000c4300000, 0x00000000eab00000)
  object space 68608K, 90% used [0x00000000c0000000,0x00000000c3cdf9d8,0x00000000c4300000)
 Metaspace       used 69907K, committed 71296K, reserved 1114112K
  class space    used 7377K, committed 7936K, reserved 1048576K
}
Event: 60.294 GC heap before
{Heap before GC invocations=55 (full 3):
 PSYoungGen      total 15360K, used 15053K [0x00000000eab00000, 0x00000000ebb80000, 0x0000000100000000)
  eden space 13824K, 100% used [0x00000000eab00000,0x00000000eb880000,0x00000000eb880000)
  from space 1536K, 80% used [0x00000000eb880000,0x00000000eb9b36f0,0x00000000eba00000)
  to   space 1536K, 0% used [0x00000000eba00000,0x00000000eba00000,0x00000000ebb80000)
 ParOldGen       total 68608K, used 62334K [0x00000000c0000000, 0x00000000c4300000, 0x00000000eab00000)
  object space 68608K, 90% used [0x00000000c0000000,0x00000000c3cdf9d8,0x00000000c4300000)
 Metaspace       used 69972K, committed 71360K, reserved 1114112K
  class space    used 7384K, committed 7936K, reserved 1048576K
}
Event: 60.299 GC heap after
{Heap after GC invocations=55 (full 3):
 PSYoungGen      total 10240K, used 1534K [0x00000000eab00000, 0x00000000ec580000, 0x0000000100000000)
  eden space 8704K, 0% used [0x00000000eab00000,0x00000000eab00000,0x00000000eb380000)
  from space 1536K, 99% used [0x00000000eba00000,0x00000000ebb7fa08,0x00000000ebb80000)
  to   space 6656K, 0% used [0x00000000eb380000,0x00000000eb380000,0x00000000eba00000)
 ParOldGen       total 68608K, used 66445K [0x00000000c0000000, 0x00000000c4300000, 0x00000000eab00000)
  object space 68608K, 96% used [0x00000000c0000000,0x00000000c40e3768,0x00000000c4300000)
 Metaspace       used 69972K, committed 71360K, reserved 1114112K
  class space    used 7384K, committed 7936K, reserved 1048576K
}
Event: 60.299 GC heap before
{Heap before GC invocations=56 (full 4):
 PSYoungGen      total 10240K, used 1534K [0x00000000eab00000, 0x00000000ec580000, 0x0000000100000000)
  eden space 8704K, 0% used [0x00000000eab00000,0x00000000eab00000,0x00000000eb380000)
  from space 1536K, 99% used [0x00000000eba00000,0x00000000ebb7fa08,0x00000000ebb80000)
  to   space 6656K, 0% used [0x00000000eb380000,0x00000000eb380000,0x00000000eba00000)
 ParOldGen       total 68608K, used 66445K [0x00000000c0000000, 0x00000000c4300000, 0x00000000eab00000)
  object space 68608K, 96% used [0x00000000c0000000,0x00000000c40e3768,0x00000000c4300000)
 Metaspace       used 69972K, committed 71360K, reserved 1114112K
  class space    used 7384K, committed 7936K, reserved 1048576K
}

