# JRE version: OpenJDK Runtime Environment Temurin-17.0.10+7 (17.0.10+7) (build 17.0.10+7)
# Java VM: OpenJDK 64-Bit Server VM Temurin-17.0.10+7 (17.0.10+7, mixed mode, tiered, compressed oops, compressed class ptrs, parallel gc, windows-amd64)
GC Precious Log:
 CPUs: 4 total, 4 available
 Memory: 6052M
 Large Page Support: Disabled
 NUMA Support: Disabled
 Compressed Oops: Enabled (32-bit)
 Alignments: Space 512K, Generation 512K, Heap 2M
 Heap Min Capacity: 100M
 Heap Initial Capacity: 100M
 Heap Max Capacity: 1G
 Pre-touch: Disabled
 Parallel Workers: 4
Heap:
 PSYoungGen      total 2048K, used 1527K [0x00000000eab00000, 0x00000000eb780000, 0x0000000100000000)
  eden space 512K, 0% used [0x00000000eab00000,0x00000000eab00000,0x00000000eab80000)
  from space 1536K, 99% used [0x00000000eb000000,0x00000000eb17df30,0x00000000eb180000)
  to   space 4608K, 0% used [0x00000000eab80000,0x00000000eab80000,0x00000000eb000000)
 ParOldGen       total 191488K, used 191079K [0x00000000c0000000, 0x00000000cbb00000, 0x00000000eab00000)
  object space 191488K, 99% used [0x00000000c0000000,0x00000000cba99de0,0x00000000cbb00000)
 Metaspace       used 101019K, committed 102464K, reserved 1179648K
  class space    used 10372K, committed 11072K, reserved 1048576K
GC Heap History (20 events):
Event: 25102.584 GC heap after
{Heap after GC invocations=2242 (full 42):
 PSYoungGen      total 5120K, used 1465K [0x00000000eab00000, 0x00000000eb180000, 0x0000000100000000)
  eden space 3584K, 0% used [0x00000000eab00000,0x00000000eab00000,0x00000000eae80000)
  from space 1536K, 95% used [0x00000000eae80000,0x00000000eafee450,0x00000000eb000000)
  to   space 1536K, 0% used [0x00000000eb000000,0x00000000eb000000,0x00000000eb180000)
 ParOldGen       total 190976K, used 187950K [0x00000000c0000000, 0x00000000cba80000, 0x00000000eab00000)
  object space 190976K, 98% used [0x00000000c0000000,0x00000000cb78bae8,0x00000000cba80000)
 Metaspace       used 101014K, committed 102464K, reserved 1179648K
  class space    used 10372K, committed 11072K, reserved 1048576K
}
Event: 25102.808 GC heap before
{Heap before GC invocations=2243 (full 42):
 PSYoungGen      total 5120K, used 5049K [0x00000000eab00000, 0x00000000eb180000, 0x0000000100000000)
  eden space 3584K, 99% used [0x00000000eab00000,0x00000000eae7ffc8,0x00000000eae80000)
  from space 1536K, 95% used [0x00000000eae80000,0x00000000eafee450,0x00000000eb000000)
  to   space 1536K, 0% used [0x00000000eb000000,0x00000000eb000000,0x00000000eb180000)
 ParOldGen       total 190976K, used 187950K [0x00000000c0000000, 0x00000000cba80000, 0x00000000eab00000)
  object space 190976K, 98% used [0x00000000c0000000,0x00000000cb78bae8,0x00000000cba80000)
 Metaspace       used 101017K, committed 102464K, reserved 1179648K
  class space    used 10372K, committed 11072K, reserved 1048576K
}
Event: 25102.810 GC heap after
{Heap after GC invocations=2243 (full 42):
 PSYoungGen      total 5120K, used 1273K [0x00000000eab00000, 0x00000000eb180000, 0x0000000100000000)
  eden space 3584K, 0% used [0x00000000eab00000,0x00000000eab00000,0x00000000eae80000)
  from space 1536K, 82% used [0x00000000eb000000,0x00000000eb13e450,0x00000000eb180000)
  to   space 1536K, 0% used [0x00000000eae80000,0x00000000eae80000,0x00000000eb000000)
 ParOldGen       total 190976K, used 187950K [0x00000000c0000000, 0x00000000cba80000, 0x00000000eab00000)
  object space 190976K, 98% used [0x00000000c0000000,0x00000000cb78bae8,0x00000000cba80000)
 Metaspace       used 101017K, committed 102464K, reserved 1179648K
  class space    used 10372K, committed 11072K, reserved 1048576K
}
Event: 25102.832 GC heap before
{Heap before GC invocations=2244 (full 42):
 PSYoungGen      total 5120K, used 4857K [0x00000000eab00000, 0x00000000eb180000, 0x0000000100000000)
  eden space 3584K, 100% used [0x00000000eab00000,0x00000000eae80000,0x00000000eae80000)
  from space 1536K, 82% used [0x00000000eb000000,0x00000000eb13e450,0x00000000eb180000)
  to   space 1536K, 0% used [0x00000000eae80000,0x00000000eae80000,0x00000000eb000000)
 ParOldGen       total 190976K, used 187950K [0x00000000c0000000, 0x00000000cba80000, 0x00000000eab00000)
  object space 190976K, 98% used [0x00000000c0000000,0x00000000cb78bae8,0x00000000cba80000)
 Metaspace       used 101017K, committed 102464K, reserved 1179648K
  class space    used 10372K, committed 11072K, reserved 1048576K
}
Event: 25102.834 GC heap after
{Heap after GC invocations=2244 (full 42):
 PSYoungGen      total 5120K, used 1529K [0x00000000eab00000, 0x00000000eb280000, 0x0000000100000000)
  eden space 3584K, 0% used [0x00000000eab00000,0x00000000eab00000,0x00000000eae80000)
  from space 1536K, 99% used [0x00000000eae80000,0x00000000eaffe450,0x00000000eb000000)
  to   space 2048K, 0% used [0x00000000eb080000,0x00000000eb080000,0x00000000eb280000)
 ParOldGen       total 190976K, used 188126K [0x00000000c0000000, 0x00000000cba80000, 0x00000000eab00000)
  object space 190976K, 98% used [0x00000000c0000000,0x00000000cb7b7ae8,0x00000000cba80000)
 Metaspace       used 101017K, committed 102464K, reserved 1179648K
  class space    used 10372K, committed 11072K, reserved 1048576K
}
Event: 25102.867 GC heap before
{Heap before GC invocations=2245 (full 42):
 PSYoungGen      total 5120K, used 5113K [0x00000000eab00000, 0x00000000eb280000, 0x0000000100000000)
  eden space 3584K, 100% used [0x00000000eab00000,0x00000000eae80000,0x00000000eae80000)
  from space 1536K, 99% used [0x00000000eae80000,0x00000000eaffe450,0x00000000eb000000)
  to   space 2048K, 0% used [0x00000000eb080000,0x00000000eb080000,0x00000000eb280000)
 ParOldGen       total 190976K, used 188126K [0x00000000c0000000, 0x00000000cba80000, 0x00000000eab00000)
  object space 190976K, 98% used [0x00000000c0000000,0x00000000cb7b7ae8,0x00000000cba80000)
 Metaspace       used 101017K, committed 102464K, reserved 1179648K
  class space    used 10372K, committed 11072K, reserved 1048576K
}
Event: 25102.872 GC heap after
{Heap after GC invocations=2245 (full 42):
 PSYoungGen      total 5632K, used 1705K [0x00000000eab00000, 0x00000000eb280000, 0x0000000100000000)
  eden space 3584K, 0% used [0x00000000eab00000,0x00000000eab00000,0x00000000eae80000)
  from space 2048K, 83% used [0x00000000eb080000,0x00000000eb22a420,0x00000000eb280000)
  to   space 2048K, 0% used [0x00000000eae80000,0x00000000eae80000,0x00000000eb080000)
 ParOldGen       total 190976K, used 188552K [0x00000000c0000000, 0x00000000cba80000, 0x00000000eab00000)
  object space 190976K, 98% used [0x00000000c0000000,0x00000000cb8220c0,0x00000000cba80000)
 Metaspace       used 101017K, committed 102464K, reserved 1179648K
  class space    used 10372K, committed 11072K, reserved 1048576K
}
Event: 25104.011 GC heap before
{Heap before GC invocations=2246 (full 42):
 PSYoungGen      total 5632K, used 5288K [0x00000000eab00000, 0x00000000eb280000, 0x0000000100000000)
  eden space 3584K, 99% used [0x00000000eab00000,0x00000000eae7fe60,0x00000000eae80000)
  from space 2048K, 83% used [0x00000000eb080000,0x00000000eb22a420,0x00000000eb280000)
  to   space 2048K, 0% used [0x00000000eae80000,0x00000000eae80000,0x00000000eb080000)
 ParOldGen       total 190976K, used 188552K [0x00000000c0000000, 0x00000000cba80000, 0x00000000eab00000)
  object space 190976K, 98% used [0x00000000c0000000,0x00000000cb8220c0,0x00000000cba80000)
 Metaspace       used 101019K, committed 102464K, reserved 1179648K
  class space    used 10372K, committed 11072K, reserved 1048576K
}
Event: 25104.137 GC heap after
{Heap after GC invocations=2246 (full 42):
 PSYoungGen      total 5120K, used 1284K [0x00000000eab00000, 0x00000000eb180000, 0x0000000100000000)
  eden space 3584K, 0% used [0x00000000eab00000,0x00000000eab00000,0x00000000eae80000)
  from space 1536K, 83% used [0x00000000eae80000,0x00000000eafc1230,0x00000000eb000000)
  to   space 1536K, 0% used [0x00000000eb000000,0x00000000eb000000,0x00000000eb180000)
 ParOldGen       total 190976K, used 188552K [0x00000000c0000000, 0x00000000cba80000, 0x00000000eab00000)
  object space 190976K, 98% used [0x00000000c0000000,0x00000000cb8220c0,0x00000000cba80000)
 Metaspace       used 101019K, committed 102464K, reserved 1179648K
  class space    used 10372K, committed 11072K, reserved 1048576K
}
Event: 25104.197 GC heap before
{Heap before GC invocations=2247 (full 42):
 PSYoungGen      total 5120K, used 4868K [0x00000000eab00000, 0x00000000eb180000, 0x0000000100000000)
  eden space 3584K, 100% used [0x00000000eab00000,0x00000000eae80000,0x00000000eae80000)
  from space 1536K, 83% used [0x00000000eae80000,0x00000000eafc1230,0x00000000eb000000)
  to   space 1536K, 0% used [0x00000000eb000000,0x00000000eb000000,0x00000000eb180000)
 ParOldGen       total 190976K, used 188552K [0x00000000c0000000, 0x00000000cba80000, 0x00000000eab00000)
  object space 190976K, 98% used [0x00000000c0000000,0x00000000cb8220c0,0x00000000cba80000)
 Metaspace       used 101019K, committed 102464K, reserved 1179648K
  class space    used 10372K, committed 11072K, reserved 1048576K
}
Event: 25104.200 GC heap after
{Heap after GC invocations=2247 (full 42):
 PSYoungGen      total 5120K, used 1342K [0x00000000eab00000, 0x00000000eb180000, 0x0000000100000000)
  eden space 3584K, 0% used [0x00000000eab00000,0x00000000eab00000,0x00000000eae80000)
  from space 1536K, 87% used [0x00000000eb000000,0x00000000eb14fb50,0x00000000eb180000)
  to   space 1536K, 0% used [0x00000000eae80000,0x00000000eae80000,0x00000000eb000000)
 ParOldGen       total 190976K, used 188948K [0x00000000c0000000, 0x00000000cba80000, 0x00000000eab00000)
  object space 190976K, 98% used [0x00000000c0000000,0x00000000cb8850d0,0x00000000cba80000)
 Metaspace       used 101019K, committed 102464K, reserved 1179648K
  class space    used 10372K, committed 11072K, reserved 1048576K
}
Event: 25107.944 GC heap before
{Heap before GC invocations=2248 (full 42):
 PSYoungGen      total 5120K, used 4926K [0x00000000eab00000, 0x00000000eb180000, 0x0000000100000000)
  eden space 3584K, 100% used [0x00000000eab00000,0x00000000eae80000,0x00000000eae80000)
  from space 1536K, 87% used [0x00000000eb000000,0x00000000eb14fb50,0x00000000eb180000)
  to   space 1536K, 0% used [0x00000000eae80000,0x00000000eae80000,0x00000000eb000000)
 ParOldGen       total 190976K, used 188948K [0x00000000c0000000, 0x00000000cba80000, 0x00000000eab00000)
  object space 190976K, 98% used [0x00000000c0000000,0x00000000cb8850d0,0x00000000cba80000)
 Metaspace       used 101019K, committed 102464K, reserved 1179648K
  class space    used 10372K, committed 11072K, reserved 1048576K
}
Event: 25107.946 GC heap after
{Heap after GC invocations=2248 (full 42):
 PSYoungGen      total 5120K, used 842K [0x00000000eab00000, 0x00000000eb180000, 0x0000000100000000)
  eden space 3584K, 0% used [0x00000000eab00000,0x00000000eab00000,0x00000000eae80000)
  from space 1536K, 54% used [0x00000000eae80000,0x00000000eaf52930,0x00000000eb000000)
  to   space 1536K, 0% used [0x00000000eb000000,0x00000000eb000000,0x00000000eb180000)
 ParOldGen       total 190976K, used 188948K [0x00000000c0000000, 0x00000000cba80000, 0x00000000eab00000)
  object space 190976K, 98% used [0x00000000c0000000,0x00000000cb8850d0,0x00000000cba80000)
 Metaspace       used 101019K, committed 102464K, reserved 1179648K
  class space    used 10372K, committed 11072K, reserved 1048576K
}
Event: 25108.176 GC heap before
{Heap before GC invocations=2249 (full 42):
 PSYoungGen      total 5120K, used 4426K [0x00000000eab00000, 0x00000000eb180000, 0x0000000100000000)
  eden space 3584K, 100% used [0x00000000eab00000,0x00000000eae80000,0x00000000eae80000)
  from space 1536K, 54% used [0x00000000eae80000,0x00000000eaf52930,0x00000000eb000000)
  to   space 1536K, 0% used [0x00000000eb000000,0x00000000eb000000,0x00000000eb180000)
 ParOldGen       total 190976K, used 188948K [0x00000000c0000000, 0x00000000cba80000, 0x00000000eab00000)
  object space 190976K, 98% used [0x00000000c0000000,0x00000000cb8850d0,0x00000000cba80000)
 Metaspace       used 101019K, committed 102464K, reserved 1179648K
  class space    used 10372K, committed 11072K, reserved 1048576K
}
Event: 25108.178 GC heap after
{Heap after GC invocations=2249 (full 42):
 PSYoungGen      total 5120K, used 1342K [0x00000000eab00000, 0x00000000eb180000, 0x0000000100000000)
  eden space 3584K, 0% used [0x00000000eab00000,0x00000000eab00000,0x00000000eae80000)
  from space 1536K, 87% used [0x00000000eb000000,0x00000000eb14fb50,0x00000000eb180000)
  to   space 1536K, 0% used [0x00000000eae80000,0x00000000eae80000,0x00000000eb000000)
 ParOldGen       total 190976K, used 188948K [0x00000000c0000000, 0x00000000cba80000, 0x00000000eab00000)
  object space 190976K, 98% used [0x00000000c0000000,0x00000000cb8850d0,0x00000000cba80000)
 Metaspace       used 101019K, committed 102464K, reserved 1179648K
  class space    used 10372K, committed 11072K, reserved 1048576K
}
Event: 25111.547 GC heap before
{Heap before GC invocations=2250 (full 42):
 PSYoungGen      total 5120K, used 4926K [0x00000000eab00000, 0x00000000eb180000, 0x0000000100000000)
  eden space 3584K, 99% used [0x00000000eab00000,0x00000000eae7ff00,0x00000000eae80000)
  from space 1536K, 87% used [0x00000000eb000000,0x00000000eb14fb50,0x00000000eb180000)
  to   space 1536K, 0% used [0x00000000eae80000,0x00000000eae80000,0x00000000eb000000)
 ParOldGen       total 190976K, used 188948K [0x00000000c0000000, 0x00000000cba80000, 0x00000000eab00000)
  object space 190976K, 98% used [0x00000000c0000000,0x00000000cb8850d0,0x00000000cba80000)
 Metaspace       used 101019K, committed 102464K, reserved 1179648K
  class space    used 10372K, committed 11072K, reserved 1048576K
}
Event: 25111.552 GC heap after
{Heap after GC invocations=2250 (full 42):
 PSYoungGen      total 5120K, used 948K [0x00000000eab00000, 0x00000000eb180000, 0x0000000100000000)
  eden space 3584K, 0% used [0x00000000eab00000,0x00000000eab00000,0x00000000eae80000)
  from space 1536K, 61% used [0x00000000eae80000,0x00000000eaf6d220,0x00000000eb000000)
  to   space 1536K, 0% used [0x00000000eb000000,0x00000000eb000000,0x00000000eb180000)
 ParOldGen       total 190976K, used 188948K [0x00000000c0000000, 0x00000000cba80000, 0x00000000eab00000)
  object space 190976K, 98% used [0x00000000c0000000,0x00000000cb8850d0,0x00000000cba80000)
 Metaspace       used 101019K, committed 102464K, reserved 1179648K
  class space    used 10372K, committed 11072K, reserved 1048576K
}
Event: 25111.590 GC heap before
{Heap before GC invocations=2251 (full 42):
 PSYoungGen      total 5120K, used 4532K [0x00000000eab00000, 0x00000000eb180000, 0x0000000100000000)
  eden space 3584K, 100% used [0x00000000eab00000,0x00000000eae80000,0x00000000eae80000)
  from space 1536K, 61% used [0x00000000eae80000,0x00000000eaf6d220,0x00000000eb000000)
  to   space 1536K, 0% used [0x00000000eb000000,0x00000000eb000000,0x00000000eb180000)
 ParOldGen       total 190976K, used 188948K [0x00000000c0000000, 0x00000000cba80000, 0x00000000eab00000)
  object space 190976K, 98% used [0x00000000c0000000,0x00000000cb8850d0,0x00000000cba80000)
 Metaspace       used 101019K, committed 102464K, reserved 1179648K
  class space    used 10372K, committed 11072K, reserved 1048576K
}
Event: 25111.600 GC heap after
{Heap after GC invocations=2251 (full 42):
 PSYoungGen      total 2048K, used 1527K [0x00000000eab00000, 0x00000000eb780000, 0x0000000100000000)
  eden space 512K, 0% used [0x00000000eab00000,0x00000000eab00000,0x00000000eab80000)
  from space 1536K, 99% used [0x00000000eb000000,0x00000000eb17df30,0x00000000eb180000)
  to   space 4608K, 0% used [0x00000000eab80000,0x00000000eab80000,0x00000000eb000000)
 ParOldGen       total 191488K, used 191079K [0x00000000c0000000, 0x00000000cbb00000, 0x00000000eab00000)
  object space 191488K, 99% used [0x00000000c0000000,0x00000000cba99de0,0x00000000cbb00000)
 Metaspace       used 101019K, committed 102464K, reserved 1179648K
  class space    used 10372K, committed 11072K, reserved 1048576K
}
Event: 25111.600 GC heap before
{Heap before GC invocations=2252 (full 43):
 PSYoungGen      total 2048K, used 1527K [0x00000000eab00000, 0x00000000eb780000, 0x0000000100000000)
  eden space 512K, 0% used [0x00000000eab00000,0x00000000eab00000,0x00000000eab80000)
  from space 1536K, 99% used [0x00000000eb000000,0x00000000eb17df30,0x00000000eb180000)
  to   space 4608K, 0% used [0x00000000eab80000,0x00000000eab80000,0x00000000eb000000)
 ParOldGen       total 191488K, used 191079K [0x00000000c0000000, 0x00000000cbb00000, 0x00000000eab00000)
  object space 191488K, 99% used [0x00000000c0000000,0x00000000cba99de0,0x00000000cbb00000)
 Metaspace       used 101019K, committed 102464K, reserved 1179648K
  class space    used 10372K, committed 11072K, reserved 1048576K
}

